[09.04.22 01:10:08] Loaded Event: Apil Fool's Day [state: deactivated]
[09.04.22 01:10:08] Loaded Event: Christmas [state: deactivated]
[09.04.22 01:10:08] Loaded Event: Coffer of Shadows [state: deactivated]
[09.04.22 01:10:08] Loaded 1 configs for Capture The Flag event.
[09.04.22 01:10:08] Loaded Event: CTF
[09.04.22 01:10:08] Loaded CustomDropItems: CustomDropItems [state: activated]
[09.04.22 01:10:09] Loaded Event: Fight Club
[09.04.22 01:10:09] Loaded Event: Freya Celebration [state: deactivated]
[09.04.22 01:10:09] Loaded Event: Gift Of Vitality [state: deactivated]
[09.04.22 01:10:09] Loaded Event: GvG
[09.04.22 01:10:09] Loaded Event: March 8 [state: deactivated]
[09.04.22 01:10:09] Loaded Event: Master of Enchanting [state: deactivated]
[09.04.22 01:10:09] Loaded Event: PcCafePointsExchange [state: deactivated]
[09.04.22 01:10:09] Loaded Event: SavingSnowman [state: deactivated]
[09.04.22 01:10:09] Loaded Event: Summer Meleons [state: deactivated]
[09.04.22 01:10:09] Loaded Event: The Fall Harvest [state: deactivated]
[09.04.22 01:10:09] Loaded Event: The Flow Of The Horror [state: deactivated]
[09.04.22 01:10:09] Loaded Event: Trick of Trnasmutation [state: deactivated]
[09.04.22 01:10:09] Loaded 3 configs for TvT event.
[09.04.22 01:10:09] Loaded Event: TvT
[09.04.22 01:10:09] Loaded Event: TvT Arena 1 [state: deactivated]
[09.04.22 01:10:09] Loaded Event: TvT Arena 2 [state: deactivated]
[09.04.22 01:10:09] Loaded Event: TvT Arena 3 [state: deactivated]
[09.04.22 01:10:09] Loaded Event: Viktorina
[09.04.22 01:10:09] Loaded Event: Bounty Hunters Guild
[09.04.22 01:10:09] Loaded Event: L2 Medal Collection Event [state: deactivated]
[09.04.22 01:10:09] Loaded Event: Change of Heart[state: deactivated]
[09.04.22 01:10:09] Loaded Event: null [state: deactivated]
[09.04.22 01:10:09] Loaded Event: l2day [state: deactivated]
[09.04.22 01:10:09] Loaded Event: Last Hero
[09.04.22 01:10:34] Start Viktorina: Sat Apr 09 01:14:00 MSK 2022
[09.04.22 01:10:34] Stop Viktorina: Sat Apr 09 03:14:00 MSK 2022
[09.04.22 01:14:00] Viktorina Event: Questions loaded
[09.04.22 05:00:00] Viktorina Stoped.
[09.04.22 05:00:00] Continue Viktorina: Sun Apr 10 01:14:00 MSK 2022|Stop Viktorina: Sun Apr 10 03:14:00 MSK 2022
[09.04.22 05:00:53] Loaded Event: Apil Fool's Day [state: deactivated]
[09.04.22 05:00:53] Loaded Event: Christmas [state: deactivated]
[09.04.22 05:00:53] Loaded Event: Coffer of Shadows [state: deactivated]
[09.04.22 05:00:53] Loaded 1 configs for Capture The Flag event.
[09.04.22 05:00:53] Loaded Event: CTF
[09.04.22 05:00:53] Loaded CustomDropItems: CustomDropItems [state: activated]
[09.04.22 05:00:53] Loaded Event: Fight Club
[09.04.22 05:00:53] Loaded Event: Freya Celebration [state: deactivated]
[09.04.22 05:00:53] Loaded Event: Gift Of Vitality [state: deactivated]
[09.04.22 05:00:53] Loaded Event: GvG
[09.04.22 05:00:53] Loaded Event: March 8 [state: deactivated]
[09.04.22 05:00:53] Loaded Event: Master of Enchanting [state: deactivated]
[09.04.22 05:00:53] Loaded Event: PcCafePointsExchange [state: deactivated]
[09.04.22 05:00:53] Loaded Event: SavingSnowman [state: deactivated]
[09.04.22 05:00:53] Loaded Event: Summer Meleons [state: deactivated]
[09.04.22 05:00:53] Loaded Event: The Fall Harvest [state: deactivated]
[09.04.22 05:00:53] Loaded Event: The Flow Of The Horror [state: deactivated]
[09.04.22 05:00:53] Loaded Event: Trick of Trnasmutation [state: deactivated]
[09.04.22 05:00:53] Loaded 3 configs for TvT event.
[09.04.22 05:00:53] Loaded Event: TvT
[09.04.22 05:00:53] Loaded Event: TvT Arena 1 [state: deactivated]
[09.04.22 05:00:53] Loaded Event: TvT Arena 2 [state: deactivated]
[09.04.22 05:00:53] Loaded Event: TvT Arena 3 [state: deactivated]
[09.04.22 05:00:53] Loaded Event: Viktorina
[09.04.22 05:00:53] Loaded Event: Bounty Hunters Guild
[09.04.22 05:00:53] Loaded Event: L2 Medal Collection Event [state: deactivated]
[09.04.22 05:00:53] Loaded Event: Change of Heart[state: deactivated]
[09.04.22 05:00:53] Loaded Event: null [state: deactivated]
[09.04.22 05:00:53] Loaded Event: l2day [state: deactivated]
[09.04.22 05:00:53] Loaded Event: Last Hero
[09.04.22 05:01:18] Start Viktorina: Sun Apr 10 01:14:00 MSK 2022
[09.04.22 05:01:18] Stop Viktorina: Sun Apr 10 03:14:00 MSK 2022
[09.04.22 11:38:48] Viktorina Stoped.
[09.04.22 11:38:48] Continue Viktorina: Sun Apr 10 01:14:00 MSK 2022|Stop Viktorina: Sun Apr 10 03:14:00 MSK 2022
