[09.04.22 01:18:57] Pickup 57 Adena (179)[268481112] Tomattoaa[268481104] 179
[09.04.22 01:19:03] Pickup 57 Adena (121)[268481113] Tomattoaa[268481104] 121
[09.04.22 01:19:09] Pickup 57 Adena (120)[268481115] Tomattoaa[268481104] 120
[09.04.22 01:19:09] Pickup 4037 Coin of Luck (1)[268481116] Tomattoaa[268481104] 1
[09.04.22 01:19:09] Pickup 57 Adena (3241)[268481117] Tomattoaa[268481104] 3241
[09.04.22 01:19:21] Pickup 57 Adena (163)[268481122] Tomattoaa[268481104] 163
[09.04.22 01:19:27] Pickup 57 Adena (178)[268481123] Tomattoaa[268481104] 178
[09.04.22 01:19:32] Pickup 57 Adena (140)[268481126] Tomattoaa[268481104] 140
[09.04.22 01:19:37] Pickup 57 Adena (111)[268481128] Tomattoaa[268481104] 111
[09.04.22 01:19:41] Pickup 57 Adena (144)[268481130] Tomattoaa[268481104] 144
[09.04.22 01:19:46] Pickup 57 Adena (177)[268481132] Tomattoaa[268481104] 177
[09.04.22 01:20:10] Pickup 57 Adena (179)[268481139] Tomattoaa[268481104] 179
[09.04.22 01:20:16] Pickup 57 Adena (124)[268481148] Tomattoaa[268481104] 124
[09.04.22 01:20:22] Pickup 57 Adena (180)[268481150] Tomattoaa[268481104] 180
[09.04.22 01:20:27] Pickup 57 Adena (170)[268481152] Tomattoaa[268481104] 170
[09.04.22 01:20:33] Pickup 57 Adena (189)[268481155] Tomattoaa[268481104] 189
[09.04.22 01:20:38] Pickup 57 Adena (118)[268481158] Tomattoaa[268481104] 118
[09.04.22 01:20:38] Pickup 4037 Coin of Luck (3)[268481159] Tomattoaa[268481104] 3
[09.04.22 01:20:38] Pickup 57 Adena (2607)[268481160] Tomattoaa[268481104] 2607
[09.04.22 01:20:44] Pickup 57 Adena (146)[268481162] Tomattoaa[268481104] 146
[09.04.22 01:20:50] Pickup 57 Adena (157)[268481164] Tomattoaa[268481104] 157
[09.04.22 01:20:56] Pickup 57 Adena (158)[268481166] Tomattoaa[268481104] 158
[09.04.22 01:20:57] Pickup 4037 Coin of Luck (1)[268481167] Tomattoaa[268481104] 1
[09.04.22 01:20:57] Pickup 57 Adena (1843)[268481168] Tomattoaa[268481104] 1843
[09.04.22 01:21:55] Pickup 57 Adena (164)[268481182] Tomattoaa[268481104] 164
[09.04.22 01:21:55] Pickup 426 Tunic (1)[268481183] Tomattoaa[268481104] 1
[09.04.22 01:21:55] Pickup 462 stockings (1)[268481184] Tomattoaa[268481104] 1
[09.04.22 01:21:55] Pickup 1868 Thread (6)[268481185] Tomattoaa[268481104] 6
[09.04.22 01:21:55] Pickup 1786 Recipe: Broad Sword (1)[268481186] Tomattoaa[268481104] 1
[09.04.22 01:21:55] Pickup 1873 Silver Nugget (1)[268481187] Tomattoaa[268481104] 1
[09.04.22 01:22:12] Pickup 57 Adena (263)[268481195] Tomattoaa[268481104] 263
[09.04.22 01:22:12] Pickup 21 Shirt (1)[268481196] Tomattoaa[268481104] 1
[09.04.22 01:22:12] Pickup 28 Pants (1)[268481197] Tomattoaa[268481104] 1
[09.04.22 01:22:13] Pickup 1864 Stem (5)[268481198] Tomattoaa[268481104] 5
[09.04.22 01:22:13] Pickup 1788 Recipe: Bow (1)[268481199] Tomattoaa[268481104] 1
[09.04.22 01:22:13] Pickup 1869 Iron Ore (3)[268481200] Tomattoaa[268481104] 3
[09.04.22 01:22:27] Pickup 57 Adena (353)[268481206] Tomattoaa[268481104] 353
[09.04.22 01:22:27] Pickup 13 Short Bow (1)[268481207] Tomattoaa[268481104] 1
[09.04.22 01:22:27] Pickup 1865 Varnish (4)[268481208] Tomattoaa[268481104] 4
[09.04.22 01:22:27] Pickup 1870 Coal (3)[268481209] Tomattoaa[268481104] 3
[09.04.22 01:22:27] Pickup 1060 Lesser Healing Potion (2)[268481210] Tomattoaa[268481104] 2
[09.04.22 01:22:27] Pickup 1786 Recipe: Broad Sword (1)[268481211] Tomattoaa[268481104] 1
[09.04.22 01:22:41] Pickup 57 Adena (130)[268481217] Tomattoaa[268481104] 130
[09.04.22 01:22:41] Pickup 426 Tunic (1)[268481218] Tomattoaa[268481104] 1
[09.04.22 01:22:41] Pickup 462 stockings (1)[268481219] Tomattoaa[268481104] 1
[09.04.22 01:22:41] Pickup 17 Wooden Arrow (11)[268481220] Tomattoaa[268481104] 11
[09.04.22 01:22:41] Pickup 1868 Thread (1)[268481221] Tomattoaa[268481104] 1
[09.04.22 01:22:41] Pickup 1786 Recipe: Broad Sword (1)[268481222] Tomattoaa[268481104] 1
[09.04.22 01:22:41] Pickup 1873 Silver Nugget (4)[268481223] Tomattoaa[268481104] 4
[09.04.22 01:22:47] Pickup 57 Adena (388)[268481226] Tomattoaa[268481104] 388
[09.04.22 01:22:47] Pickup 13 Short Bow (1)[268481227] Tomattoaa[268481104] 1
[09.04.22 01:22:47] Pickup 1060 Lesser Healing Potion (6)[268481228] Tomattoaa[268481104] 6
[09.04.22 01:22:47] Pickup 1786 Recipe: Broad Sword (1)[268481229] Tomattoaa[268481104] 1
[09.04.22 01:22:47] Pickup 1870 Coal (3)[268481230] Tomattoaa[268481104] 3
[09.04.22 01:22:47] Pickup 1865 Varnish (2)[268481231] Tomattoaa[268481104] 2
[09.04.22 01:22:47] Pickup 4037 Coin of Luck (3)[268481234] Tomattoaa[268481104] 3
[09.04.22 01:22:47] Pickup 57 Adena (4555)[268481235] Tomattoaa[268481104] 4555
[09.04.22 01:23:09] Pickup 57 Adena (295)[268481240] Tomattoaa[268481104] 295
[09.04.22 01:23:09] Pickup 28 Pants (1)[268481241] Tomattoaa[268481104] 1
[09.04.22 01:23:09] Pickup 21 Shirt (1)[268481242] Tomattoaa[268481104] 1
[09.04.22 01:23:09] Pickup 1869 Iron Ore (5)[268481246] Tomattoaa[268481104] 5
[09.04.22 01:23:09] Pickup 1788 Recipe: Bow (1)[268481247] Tomattoaa[268481104] 1
[09.04.22 01:23:09] Pickup 1864 Stem (2)[268481248] Tomattoaa[268481104] 2
[09.04.22 01:23:09] Pickup 4037 Coin of Luck (2)[268481250] Tomattoaa[268481104] 2
[09.04.22 01:23:09] Pickup 57 Adena (2441)[268481251] Tomattoaa[268481104] 2441
[09.04.22 01:23:17] Pickup 57 Adena (132)[268481255] Tomattoaa[268481104] 132
[09.04.22 01:23:17] Pickup 11 Bone Dagger (1)[268481256] Tomattoaa[268481104] 1
[09.04.22 01:23:17] Pickup 1787 Recipe: Willow Staff (1)[268481257] Tomattoaa[268481104] 1
[09.04.22 01:23:17] Pickup 1865 Varnish (1)[268481258] Tomattoaa[268481104] 1
[09.04.22 01:23:17] Pickup 1864 Stem (3)[268481259] Tomattoaa[268481104] 3
[09.04.22 01:23:17] Pickup 17 Wooden Arrow (26)[268481260] Tomattoaa[268481104] 26
[09.04.22 01:23:24] Pickup 57 Adena (259)[268481268] Tomattoaa[268481104] 259
[09.04.22 01:23:24] Pickup 21 Shirt (1)[268481269] Tomattoaa[268481104] 1
[09.04.22 01:23:24] Pickup 28 Pants (1)[268481270] Tomattoaa[268481104] 1
[09.04.22 01:23:24] Pickup 1869 Iron Ore (2)[268481271] Tomattoaa[268481104] 2
[09.04.22 01:23:24] Pickup 1864 Stem (3)[268481272] Tomattoaa[268481104] 3
[09.04.22 01:23:24] Pickup 1788 Recipe: Bow (1)[268481273] Tomattoaa[268481104] 1
[09.04.22 01:23:32] Pickup 57 Adena (134)[268481276] Tomattoaa[268481104] 134
[09.04.22 01:23:32] Pickup 462 stockings (1)[268481277] Tomattoaa[268481104] 1
[09.04.22 01:23:32] Pickup 426 Tunic (1)[268481278] Tomattoaa[268481104] 1
[09.04.22 01:23:32] Pickup 17 Wooden Arrow (27)[268481279] Tomattoaa[268481104] 27
[09.04.22 01:23:32] Pickup 1868 Thread (2)[268481280] Tomattoaa[268481104] 2
[09.04.22 01:23:32] Pickup 1786 Recipe: Broad Sword (1)[268481281] Tomattoaa[268481104] 1
[09.04.22 01:23:32] Pickup 1873 Silver Nugget (1)[268481282] Tomattoaa[268481104] 1
